2024-11-23 19:03:10,582 - __main__ - WARNING - System prompt file not found, using default prompt
2024-11-23 19:03:10,582 - __main__ - INFO - MedicalAIChatbot initialized successfully
2024-11-23 19:03:20,133 - __main__ - WARNING - System prompt file not found, using default prompt
2024-11-23 19:03:20,133 - __main__ - INFO - MedicalAIChatbot initialized successfully
2024-11-23 19:03:24,995 - __main__ - INFO - No existing patient records found
2024-11-23 19:03:27,764 - __main__ - WARNING - System prompt file not found, using default prompt
2024-11-23 19:03:27,764 - __main__ - INFO - MedicalAIChatbot initialized successfully
2024-11-23 19:03:38,021 - __main__ - WARNING - System prompt file not found, using default prompt
2024-11-23 19:03:38,021 - __main__ - INFO - MedicalAIChatbot initialized successfully
2024-11-23 19:03:38,666 - httpx - INFO - HTTP Request: POST https://api.groq.com/openai/v1/chat/completions "HTTP/1.1 200 OK"
2024-11-23 19:03:40,921 - __main__ - WARNING - System prompt file not found, using default prompt
2024-11-23 19:03:40,921 - __main__ - INFO - MedicalAIChatbot initialized successfully
2024-11-23 19:03:41,889 - __main__ - WARNING - System prompt file not found, using default prompt
2024-11-23 19:03:41,889 - __main__ - INFO - MedicalAIChatbot initialized successfully
2024-11-23 19:03:41,948 - __main__ - WARNING - System prompt file not found, using default prompt
2024-11-23 19:03:41,949 - __main__ - INFO - MedicalAIChatbot initialized successfully
2024-11-23 19:04:30,373 - __main__ - WARNING - System prompt file not found, using default prompt
2024-11-23 19:04:30,373 - __main__ - INFO - MedicalAIChatbot initialized successfully
2024-11-23 19:04:34,879 - __main__ - WARNING - System prompt file not found, using default prompt
2024-11-23 19:04:34,879 - __main__ - INFO - MedicalAIChatbot initialized successfully
2024-11-23 19:04:36,743 - __main__ - WARNING - System prompt file not found, using default prompt
2024-11-23 19:04:36,743 - __main__ - INFO - MedicalAIChatbot initialized successfully
2024-11-23 19:05:51,946 - __main__ - WARNING - System prompt file not found, using default prompt
2024-11-23 19:05:51,946 - __main__ - INFO - MedicalAIChatbot initialized successfully
2024-11-23 19:05:56,297 - __main__ - WARNING - System prompt file not found, using default prompt
2024-11-23 19:05:56,297 - __main__ - INFO - MedicalAIChatbot initialized successfully
2024-11-23 19:05:56,854 - httpx - INFO - HTTP Request: POST https://api.groq.com/openai/v1/chat/completions "HTTP/1.1 200 OK"
2024-11-23 19:06:05,979 - __main__ - WARNING - System prompt file not found, using default prompt
2024-11-23 19:06:05,979 - __main__ - INFO - MedicalAIChatbot initialized successfully
2024-11-23 19:06:07,871 - __main__ - WARNING - System prompt file not found, using default prompt
2024-11-23 19:06:07,871 - __main__ - INFO - MedicalAIChatbot initialized successfully
2024-11-23 19:10:25,992 - __main__ - WARNING - System prompt file not found, using default prompt
2024-11-23 19:10:25,992 - __main__ - INFO - MedicalAIChatbot initialized successfully
2024-11-23 19:11:04,703 - __main__ - WARNING - System prompt file not found, using default prompt
2024-11-23 19:11:04,703 - __main__ - INFO - MedicalAIChatbot initialized successfully
2024-11-23 19:11:19,208 - __main__ - WARNING - System prompt file not found, using default prompt
2024-11-23 19:11:19,208 - __main__ - INFO - MedicalAIChatbot initialized successfully
2024-11-23 19:11:23,358 - __main__ - INFO - No existing patient records found
2024-11-23 19:11:28,344 - __main__ - WARNING - System prompt file not found, using default prompt
2024-11-23 19:11:28,345 - __main__ - INFO - MedicalAIChatbot initialized successfully
2024-11-23 19:11:30,510 - __main__ - WARNING - System prompt file not found, using default prompt
2024-11-23 19:11:30,511 - __main__ - INFO - MedicalAIChatbot initialized successfully
2024-11-23 19:22:14,281 - __main__ - WARNING - System prompt file not found, using default prompt
2024-11-23 19:22:14,282 - __main__ - INFO - MedicalAIChatbot initialized successfully
2024-11-23 19:22:38,104 - __main__ - WARNING - System prompt file not found, using default prompt
2024-11-23 19:22:38,104 - __main__ - INFO - MedicalAIChatbot initialized successfully
2024-11-23 19:22:38,720 - httpx - INFO - HTTP Request: POST https://api.groq.com/openai/v1/chat/completions "HTTP/1.1 200 OK"
2024-11-23 19:22:54,972 - __main__ - WARNING - System prompt file not found, using default prompt
2024-11-23 19:22:54,972 - __main__ - INFO - MedicalAIChatbot initialized successfully
2024-11-23 19:22:55,627 - httpx - INFO - HTTP Request: POST https://api.groq.com/openai/v1/chat/completions "HTTP/1.1 200 OK"
2024-11-23 19:23:03,104 - __main__ - WARNING - System prompt file not found, using default prompt
2024-11-23 19:23:03,105 - __main__ - INFO - MedicalAIChatbot initialized successfully
2024-11-23 19:23:03,780 - httpx - INFO - HTTP Request: POST https://api.groq.com/openai/v1/chat/completions "HTTP/1.1 200 OK"
2024-11-23 19:29:53,206 - __main__ - WARNING - System prompt file not found, using default prompt
2024-11-23 19:29:53,206 - __main__ - INFO - MedicalAIChatbot initialized successfully
2024-11-23 19:30:08,933 - __main__ - WARNING - System prompt file not found, using default prompt
2024-11-23 19:30:08,933 - __main__ - INFO - MedicalAIChatbot initialized successfully
2024-11-23 19:30:09,699 - httpx - INFO - HTTP Request: POST https://api.groq.com/openai/v1/chat/completions "HTTP/1.1 200 OK"
2024-11-23 21:24:12,352 - __main__ - WARNING - System prompt file not found, using default prompt
2024-11-23 21:24:12,352 - __main__ - INFO - MedicalAIChatbot initialized successfully
2024-11-23 21:24:23,389 - __main__ - WARNING - System prompt file not found, using default prompt
2024-11-23 21:24:23,390 - __main__ - INFO - MedicalAIChatbot initialized successfully
2024-11-23 21:24:27,831 - __main__ - WARNING - System prompt file not found, using default prompt
2024-11-23 21:24:27,831 - __main__ - INFO - MedicalAIChatbot initialized successfully
2024-11-23 21:24:29,391 - __main__ - INFO - No existing patient records found
2024-11-23 21:24:33,530 - __main__ - WARNING - System prompt file not found, using default prompt
2024-11-23 21:24:33,530 - __main__ - INFO - MedicalAIChatbot initialized successfully
2024-11-23 21:24:37,996 - __main__ - WARNING - System prompt file not found, using default prompt
2024-11-23 21:24:37,996 - __main__ - INFO - MedicalAIChatbot initialized successfully
2024-11-23 21:24:39,004 - httpx - INFO - HTTP Request: POST https://api.groq.com/openai/v1/chat/completions "HTTP/1.1 200 OK"
2024-11-23 21:27:48,976 - __main__ - WARNING - System prompt file not found, using default prompt
2024-11-23 21:27:48,977 - __main__ - INFO - MedicalAIChatbot initialized successfully
2024-11-23 21:27:50,371 - httpx - INFO - HTTP Request: POST https://api.groq.com/openai/v1/chat/completions "HTTP/1.1 200 OK"
2024-11-23 21:28:06,751 - __main__ - WARNING - System prompt file not found, using default prompt
2024-11-23 21:28:06,751 - __main__ - INFO - MedicalAIChatbot initialized successfully
2024-11-23 21:28:09,192 - httpx - INFO - HTTP Request: POST https://api.groq.com/openai/v1/chat/completions "HTTP/1.1 200 OK"
2024-11-23 21:28:17,611 - __main__ - WARNING - System prompt file not found, using default prompt
2024-11-23 21:28:17,611 - __main__ - INFO - MedicalAIChatbot initialized successfully
2024-11-23 21:47:59,430 - __main__ - WARNING - System prompt file not found, using default prompt
2024-11-23 21:47:59,431 - __main__ - INFO - MedicalAIChatbot initialized successfully
2024-11-23 21:48:22,727 - __main__ - WARNING - System prompt file not found, using default prompt
2024-11-23 21:48:22,727 - __main__ - INFO - MedicalAIChatbot initialized successfully
2024-11-23 21:48:40,425 - __main__ - WARNING - System prompt file not found, using default prompt
2024-11-23 21:48:40,425 - __main__ - INFO - MedicalAIChatbot initialized successfully
2024-11-23 21:48:41,104 - httpx - INFO - HTTP Request: POST https://api.groq.com/openai/v1/chat/completions "HTTP/1.1 200 OK"
2024-11-23 21:49:38,615 - __main__ - WARNING - System prompt file not found, using default prompt
2024-11-23 21:49:38,616 - __main__ - INFO - MedicalAIChatbot initialized successfully
2024-11-23 21:49:39,476 - __main__ - WARNING - System prompt file not found, using default prompt
2024-11-23 21:49:39,476 - __main__ - INFO - MedicalAIChatbot initialized successfully
2024-11-23 21:49:41,146 - __main__ - WARNING - System prompt file not found, using default prompt
2024-11-23 21:49:41,146 - __main__ - INFO - MedicalAIChatbot initialized successfully
2024-11-23 21:49:41,876 - __main__ - WARNING - System prompt file not found, using default prompt
2024-11-23 21:49:41,877 - __main__ - INFO - MedicalAIChatbot initialized successfully
2024-11-23 21:49:59,062 - __main__ - WARNING - System prompt file not found, using default prompt
2024-11-23 21:49:59,062 - __main__ - INFO - MedicalAIChatbot initialized successfully
2024-11-23 21:50:00,433 - httpx - INFO - HTTP Request: POST https://api.groq.com/openai/v1/chat/completions "HTTP/1.1 200 OK"
2024-11-23 21:52:43,289 - __main__ - WARNING - System prompt file not found, using default prompt
2024-11-23 21:52:43,289 - __main__ - INFO - MedicalAIChatbot initialized successfully
2024-11-23 21:54:23,535 - __main__ - WARNING - System prompt file not found, using default prompt
2024-11-23 21:54:23,535 - __main__ - INFO - MedicalAIChatbot initialized successfully
2024-11-23 21:54:50,263 - __main__ - WARNING - System prompt file not found, using default prompt
2024-11-23 21:54:50,263 - __main__ - INFO - MedicalAIChatbot initialized successfully
2024-11-23 21:54:53,844 - __main__ - WARNING - System prompt file not found, using default prompt
2024-11-23 21:54:53,844 - __main__ - INFO - MedicalAIChatbot initialized successfully
2024-11-23 21:54:54,544 - __main__ - WARNING - System prompt file not found, using default prompt
2024-11-23 21:54:54,544 - __main__ - INFO - MedicalAIChatbot initialized successfully
2024-11-23 21:54:56,677 - __main__ - WARNING - System prompt file not found, using default prompt
2024-11-23 21:54:56,677 - __main__ - INFO - MedicalAIChatbot initialized successfully
2024-11-23 21:54:57,509 - __main__ - WARNING - System prompt file not found, using default prompt
2024-11-23 21:54:57,510 - __main__ - INFO - MedicalAIChatbot initialized successfully
2024-11-23 22:02:54,286 - __main__ - WARNING - System prompt file not found, using default prompt
2024-11-23 22:02:54,286 - __main__ - INFO - MedicalAIChatbot initialized successfully
2024-11-23 22:04:04,861 - __main__ - WARNING - System prompt file not found, using default prompt
2024-11-23 22:04:04,861 - __main__ - INFO - MedicalAIChatbot initialized successfully
2024-11-23 22:04:05,495 - httpx - INFO - HTTP Request: POST https://api.groq.com/openai/v1/chat/completions "HTTP/1.1 200 OK"
2024-11-23 22:04:05,580 - __main__ - WARNING - System prompt file not found, using default prompt
2024-11-23 22:04:05,581 - __main__ - INFO - MedicalAIChatbot initialized successfully
2024-11-23 22:04:19,225 - __main__ - WARNING - System prompt file not found, using default prompt
2024-11-23 22:04:19,226 - __main__ - INFO - MedicalAIChatbot initialized successfully
2024-11-23 22:04:24,510 - __main__ - WARNING - System prompt file not found, using default prompt
2024-11-23 22:04:24,510 - __main__ - INFO - MedicalAIChatbot initialized successfully
2024-11-23 22:08:07,174 - __main__ - WARNING - System prompt file not found, using default prompt
2024-11-23 22:08:07,175 - __main__ - INFO - MedicalAIChatbot initialized successfully
2024-11-23 22:08:12,418 - __main__ - CRITICAL - Critical error in main: name 'alt' is not defined
Traceback (most recent call last):
  File "/Users/aniketkumar/Documents/GitHub/NeuroGuardian/app.py", line 976, in main
    medical_dashboard()
    ~~~~~~~~~~~~~~~~~^^
  File "/Users/aniketkumar/Documents/GitHub/NeuroGuardian/app.py", line 728, in medical_dashboard
    resource_chart = alt.Chart(resource_data).mark_bar().encode(
                     ^^^
NameError: name 'alt' is not defined. Did you mean: 'apt'?

2024-11-23 22:08:15,705 - __main__ - WARNING - System prompt file not found, using default prompt
2024-11-23 22:08:15,706 - __main__ - INFO - MedicalAIChatbot initialized successfully
2024-11-23 22:08:17,682 - __main__ - WARNING - System prompt file not found, using default prompt
2024-11-23 22:08:17,682 - __main__ - INFO - MedicalAIChatbot initialized successfully
2024-11-23 22:08:20,699 - __main__ - INFO - No existing patient records found
2024-11-23 22:08:23,258 - __main__ - CRITICAL - Critical error in main: name 'alt' is not defined
Traceback (most recent call last):
  File "/Users/aniketkumar/Documents/GitHub/NeuroGuardian/app.py", line 976, in main
    medical_dashboard()
    ~~~~~~~~~~~~~~~~~^^
  File "/Users/aniketkumar/Documents/GitHub/NeuroGuardian/app.py", line 728, in medical_dashboard
    resource_chart = alt.Chart(resource_data).mark_bar().encode(
                     ^^^
NameError: name 'alt' is not defined. Did you mean: 'apt'?

2024-11-23 22:08:39,212 - __main__ - CRITICAL - Critical error in main: name 'alt' is not defined
Traceback (most recent call last):
  File "/Users/aniketkumar/Documents/GitHub/NeuroGuardian/app.py", line 976, in main
    medical_dashboard()
    ~~~~~~~~~~~~~~~~~^^
  File "/Users/aniketkumar/Documents/GitHub/NeuroGuardian/app.py", line 728, in medical_dashboard
    resource_chart = alt.Chart(resource_data).mark_bar().encode(
                     ^^^
NameError: name 'alt' is not defined. Did you mean: 'apt'?

2024-11-23 22:08:53,568 - __main__ - WARNING - System prompt file not found, using default prompt
2024-11-23 22:08:53,569 - __main__ - INFO - MedicalAIChatbot initialized successfully
2024-11-23 22:10:59,884 - __main__ - WARNING - System prompt file not found, using default prompt
2024-11-23 22:10:59,885 - __main__ - INFO - MedicalAIChatbot initialized successfully
2024-11-23 22:11:07,600 - __main__ - WARNING - System prompt file not found, using default prompt
2024-11-23 22:11:07,600 - __main__ - INFO - MedicalAIChatbot initialized successfully
2024-11-23 22:12:05,994 - __main__ - WARNING - System prompt file not found, using default prompt
2024-11-23 22:12:05,994 - __main__ - INFO - MedicalAIChatbot initialized successfully
2024-11-23 22:13:51,847 - __main__ - WARNING - System prompt file not found, using default prompt
2024-11-23 22:13:51,847 - __main__ - INFO - MedicalAIChatbot initialized successfully
2024-11-23 22:14:05,556 - __main__ - WARNING - System prompt file not found, using default prompt
2024-11-23 22:14:05,556 - __main__ - INFO - MedicalAIChatbot initialized successfully
2024-11-23 22:14:08,971 - __main__ - WARNING - System prompt file not found, using default prompt
2024-11-23 22:14:08,971 - __main__ - INFO - MedicalAIChatbot initialized successfully
2024-11-23 22:14:09,719 - httpx - INFO - HTTP Request: POST https://api.groq.com/openai/v1/chat/completions "HTTP/1.1 200 OK"
2024-11-23 22:14:09,803 - __main__ - WARNING - System prompt file not found, using default prompt
2024-11-23 22:14:09,803 - __main__ - INFO - MedicalAIChatbot initialized successfully
2024-11-23 22:16:34,118 - __main__ - WARNING - System prompt file not found, using default prompt
2024-11-23 22:16:34,118 - __main__ - INFO - MedicalAIChatbot initialized successfully
2024-11-23 22:16:38,599 - __main__ - WARNING - System prompt file not found, using default prompt
2024-11-23 22:16:38,599 - __main__ - INFO - MedicalAIChatbot initialized successfully
2024-11-23 22:16:40,355 - httpx - INFO - HTTP Request: POST https://api.groq.com/openai/v1/chat/completions "HTTP/1.1 200 OK"
2024-11-23 22:16:40,359 - __main__ - ERROR - Error in chat page: module 'streamlit' has no attribute 'experimental_rerun'
2024-11-23 22:16:52,909 - __main__ - WARNING - System prompt file not found, using default prompt
2024-11-23 22:16:52,909 - __main__ - INFO - MedicalAIChatbot initialized successfully
2024-11-23 22:16:55,916 - __main__ - WARNING - System prompt file not found, using default prompt
2024-11-23 22:16:55,917 - __main__ - INFO - MedicalAIChatbot initialized successfully
2024-11-23 22:16:56,832 - __main__ - WARNING - System prompt file not found, using default prompt
2024-11-23 22:16:56,833 - __main__ - INFO - MedicalAIChatbot initialized successfully
2024-11-23 22:16:59,367 - __main__ - INFO - No existing patient records found
2024-11-23 22:17:02,663 - __main__ - CRITICAL - Critical error in main: name 'alt' is not defined
Traceback (most recent call last):
  File "/Users/aniketkumar/Documents/GitHub/NeuroGuardian/app.py", line 827, in main
    medical_dashboard()
    ~~~~~~~~~~~~~~~~~^^
  File "/Users/aniketkumar/Documents/GitHub/NeuroGuardian/app.py", line 659, in medical_dashboard
    resource_chart = alt.Chart(resource_data).mark_bar().encode(
                     ^^^
NameError: name 'alt' is not defined. Did you mean: 'apt'?

2024-11-23 22:17:12,127 - __main__ - WARNING - System prompt file not found, using default prompt
2024-11-23 22:17:12,128 - __main__ - INFO - MedicalAIChatbot initialized successfully
2024-11-23 22:18:59,519 - __main__ - WARNING - System prompt file not found, using default prompt
2024-11-23 22:18:59,520 - __main__ - INFO - MedicalAIChatbot initialized successfully
2024-11-23 22:19:09,068 - __main__ - INFO - No existing patient records found
2024-11-23 22:19:11,828 - __main__ - CRITICAL - Critical error in main: name 'alt' is not defined
Traceback (most recent call last):
  File "/Users/aniketkumar/Documents/GitHub/NeuroGuardian/app.py", line 851, in main
    medical_dashboard()
    ~~~~~~~~~~~~~~~~~^^
  File "/Users/aniketkumar/Documents/GitHub/NeuroGuardian/app.py", line 726, in medical_dashboard
    resource_chart = alt.Chart(resource_data).mark_bar().encode(
                     ^^^
NameError: name 'alt' is not defined. Did you mean: 'apt'?

2024-11-23 22:19:36,567 - __main__ - WARNING - System prompt file not found, using default prompt
2024-11-23 22:19:36,567 - __main__ - INFO - MedicalAIChatbot initialized successfully
2024-11-23 22:19:39,398 - __main__ - WARNING - System prompt file not found, using default prompt
2024-11-23 22:19:39,398 - __main__ - INFO - MedicalAIChatbot initialized successfully
2024-11-23 22:19:40,065 - httpx - INFO - HTTP Request: POST https://api.groq.com/openai/v1/chat/completions "HTTP/1.1 200 OK"
2024-11-23 22:19:40,069 - __main__ - ERROR - Error in chat page: module 'streamlit' has no attribute 'experimental_rerun'
2024-11-23 22:20:24,188 - __main__ - WARNING - System prompt file not found, using default prompt
2024-11-23 22:20:24,188 - __main__ - INFO - MedicalAIChatbot initialized successfully
2024-11-23 22:20:26,743 - __main__ - WARNING - System prompt file not found, using default prompt
2024-11-23 22:20:26,743 - __main__ - INFO - MedicalAIChatbot initialized successfully
2024-11-23 22:20:28,431 - httpx - INFO - HTTP Request: POST https://api.groq.com/openai/v1/chat/completions "HTTP/1.1 200 OK"
2024-11-23 22:20:28,435 - __main__ - ERROR - Error in chat page: module 'streamlit' has no attribute 'experimental_rerun'
2024-11-23 22:20:43,993 - __main__ - WARNING - System prompt file not found, using default prompt
2024-11-23 22:20:43,994 - __main__ - INFO - MedicalAIChatbot initialized successfully
2024-11-23 22:22:09,361 - __main__ - WARNING - System prompt file not found, using default prompt
2024-11-23 22:22:09,361 - __main__ - INFO - MedicalAIChatbot initialized successfully
2024-11-23 22:22:13,858 - __main__ - WARNING - System prompt file not found, using default prompt
2024-11-23 22:22:13,859 - __main__ - INFO - MedicalAIChatbot initialized successfully
2024-11-23 22:22:14,517 - httpx - INFO - HTTP Request: POST https://api.groq.com/openai/v1/chat/completions "HTTP/1.1 200 OK"
2024-11-23 22:22:14,597 - __main__ - WARNING - System prompt file not found, using default prompt
2024-11-23 22:22:14,597 - __main__ - INFO - MedicalAIChatbot initialized successfully
2024-11-23 22:22:25,656 - __main__ - WARNING - System prompt file not found, using default prompt
2024-11-23 22:22:25,657 - __main__ - INFO - MedicalAIChatbot initialized successfully
2024-11-23 22:22:31,023 - __main__ - WARNING - System prompt file not found, using default prompt
2024-11-23 22:22:31,023 - __main__ - INFO - MedicalAIChatbot initialized successfully
2024-11-23 22:22:37,574 - __main__ - WARNING - System prompt file not found, using default prompt
2024-11-23 22:22:37,575 - __main__ - INFO - MedicalAIChatbot initialized successfully
2024-11-23 22:22:38,184 - httpx - INFO - HTTP Request: POST https://api.groq.com/openai/v1/chat/completions "HTTP/1.1 200 OK"
2024-11-23 22:22:38,188 - __main__ - ERROR - Error in chat page: module 'streamlit' has no attribute 'experimental_rerun'
2024-11-23 22:25:05,678 - __main__ - INFO - Groq client initialized successfully
2024-11-23 22:25:06,802 - cerebras.cloud.sdk._base_client - INFO - Retrying request to /v1/models in 0.385048 seconds
2024-11-23 22:25:08,056 - httpx - INFO - HTTP Request: GET https://api.cerebras.ai/v1/models "HTTP/1.1 200 OK"
2024-11-23 22:25:08,806 - httpx - INFO - HTTP Request: GET https://api.cerebras.ai/v1/models "HTTP/1.1 200 OK"
2024-11-23 22:25:09,592 - httpx - INFO - HTTP Request: GET https://api.cerebras.ai/v1/models "HTTP/1.1 200 OK"
2024-11-23 22:25:10,331 - httpx - INFO - HTTP Request: GET https://api.cerebras.ai/v1/models "HTTP/1.1 200 OK"
2024-11-23 22:25:11,129 - httpx - INFO - HTTP Request: GET https://api.cerebras.ai/v1/models "HTTP/1.1 200 OK"
2024-11-23 22:25:11,130 - __main__ - INFO - Cerebras client initialized successfully
2024-11-23 22:25:11,130 - __main__ - WARNING - System prompt file not found, using default prompt
2024-11-23 22:25:11,130 - __main__ - INFO - MedicalAIChatbot initialized successfully
2024-11-23 22:25:15,614 - __main__ - INFO - No existing patient records found
2024-11-23 22:25:17,171 - __main__ - INFO - Groq client initialized successfully
2024-11-23 22:25:17,537 - httpx - INFO - HTTP Request: GET https://api.cerebras.ai/v1/models "HTTP/1.1 200 OK"
2024-11-23 22:25:18,282 - httpx - INFO - HTTP Request: GET https://api.cerebras.ai/v1/models "HTTP/1.1 200 OK"
2024-11-23 22:25:18,601 - httpx - INFO - HTTP Request: GET https://api.cerebras.ai/v1/models "HTTP/1.1 200 OK"
2024-11-23 22:25:18,872 - httpx - INFO - HTTP Request: GET https://api.cerebras.ai/v1/models "HTTP/1.1 200 OK"
2024-11-23 22:25:19,602 - httpx - INFO - HTTP Request: GET https://api.cerebras.ai/v1/models "HTTP/1.1 200 OK"
2024-11-23 22:25:19,603 - __main__ - INFO - Cerebras client initialized successfully
2024-11-23 22:25:19,604 - __main__ - WARNING - System prompt file not found, using default prompt
2024-11-23 22:25:19,604 - __main__ - INFO - MedicalAIChatbot initialized successfully
2024-11-23 22:25:24,351 - __main__ - INFO - Groq client initialized successfully
2024-11-23 22:25:24,739 - httpx - INFO - HTTP Request: GET https://api.cerebras.ai/v1/models "HTTP/1.1 200 OK"
2024-11-23 22:25:25,014 - httpx - INFO - HTTP Request: GET https://api.cerebras.ai/v1/models "HTTP/1.1 200 OK"
2024-11-23 22:25:25,285 - httpx - INFO - HTTP Request: GET https://api.cerebras.ai/v1/models "HTTP/1.1 200 OK"
2024-11-23 22:25:25,666 - httpx - INFO - HTTP Request: GET https://api.cerebras.ai/v1/models "HTTP/1.1 200 OK"
2024-11-23 22:25:25,978 - httpx - INFO - HTTP Request: GET https://api.cerebras.ai/v1/models "HTTP/1.1 200 OK"
2024-11-23 22:25:25,980 - __main__ - INFO - Cerebras client initialized successfully
2024-11-23 22:25:25,980 - __main__ - WARNING - System prompt file not found, using default prompt
2024-11-23 22:25:25,980 - __main__ - INFO - MedicalAIChatbot initialized successfully
2024-11-23 22:25:28,137 - httpx - INFO - HTTP Request: POST https://api.groq.com/openai/v1/chat/completions "HTTP/1.1 200 OK"
2024-11-23 22:25:28,142 - __main__ - ERROR - Error in chat page: module 'streamlit' has no attribute 'experimental_rerun'
2024-11-23 22:29:11,780 - __main__ - INFO - Groq client initialized successfully
2024-11-23 22:29:12,686 - httpx - INFO - HTTP Request: GET https://api.cerebras.ai/v1/models "HTTP/1.1 200 OK"
2024-11-23 22:29:13,431 - httpx - INFO - HTTP Request: GET https://api.cerebras.ai/v1/models "HTTP/1.1 200 OK"
2024-11-23 22:29:14,173 - httpx - INFO - HTTP Request: GET https://api.cerebras.ai/v1/models "HTTP/1.1 200 OK"
2024-11-23 22:29:14,451 - httpx - INFO - HTTP Request: GET https://api.cerebras.ai/v1/models "HTTP/1.1 200 OK"
2024-11-23 22:29:14,997 - __main__ - INFO - No existing patient records found
2024-11-23 22:29:15,190 - httpx - INFO - HTTP Request: GET https://api.cerebras.ai/v1/models "HTTP/1.1 200 OK"
2024-11-23 22:29:15,190 - __main__ - INFO - Cerebras client initialized successfully
2024-11-23 22:29:15,190 - __main__ - WARNING - System prompt file not found, using default prompt
2024-11-23 22:29:15,190 - __main__ - INFO - MedicalAIChatbot initialized successfully
2024-11-23 22:29:16,143 - __main__ - INFO - Groq client initialized successfully
2024-11-23 22:29:16,531 - httpx - INFO - HTTP Request: GET https://api.cerebras.ai/v1/models "HTTP/1.1 200 OK"
2024-11-23 22:29:16,806 - httpx - INFO - HTTP Request: GET https://api.cerebras.ai/v1/models "HTTP/1.1 200 OK"
2024-11-23 22:29:17,539 - httpx - INFO - HTTP Request: GET https://api.cerebras.ai/v1/models "HTTP/1.1 200 OK"
2024-11-23 22:29:17,915 - httpx - INFO - HTTP Request: GET https://api.cerebras.ai/v1/models "HTTP/1.1 200 OK"
2024-11-23 22:29:18,221 - httpx - INFO - HTTP Request: GET https://api.cerebras.ai/v1/models "HTTP/1.1 200 OK"
2024-11-23 22:29:18,223 - __main__ - INFO - Cerebras client initialized successfully
2024-11-23 22:29:18,224 - __main__ - WARNING - System prompt file not found, using default prompt
2024-11-23 22:29:18,224 - __main__ - INFO - MedicalAIChatbot initialized successfully
2024-11-23 22:29:20,974 - __main__ - INFO - Groq client initialized successfully
2024-11-23 22:29:21,408 - httpx - INFO - HTTP Request: GET https://api.cerebras.ai/v1/models "HTTP/1.1 200 OK"
2024-11-23 22:29:21,680 - httpx - INFO - HTTP Request: GET https://api.cerebras.ai/v1/models "HTTP/1.1 200 OK"
2024-11-23 22:29:22,010 - httpx - INFO - HTTP Request: GET https://api.cerebras.ai/v1/models "HTTP/1.1 200 OK"
2024-11-23 22:29:22,747 - httpx - INFO - HTTP Request: GET https://api.cerebras.ai/v1/models "HTTP/1.1 200 OK"
2024-11-23 22:29:23,547 - httpx - INFO - HTTP Request: GET https://api.cerebras.ai/v1/models "HTTP/1.1 200 OK"
2024-11-23 22:29:23,548 - __main__ - INFO - Cerebras client initialized successfully
2024-11-23 22:29:23,549 - __main__ - WARNING - System prompt file not found, using default prompt
2024-11-23 22:29:23,549 - __main__ - INFO - MedicalAIChatbot initialized successfully
2024-11-23 22:29:25,701 - httpx - INFO - HTTP Request: POST https://api.groq.com/openai/v1/chat/completions "HTTP/1.1 200 OK"
2024-11-23 22:29:25,782 - __main__ - INFO - Groq client initialized successfully
2024-11-23 22:29:26,618 - httpx - INFO - HTTP Request: GET https://api.cerebras.ai/v1/models "HTTP/1.1 200 OK"
2024-11-23 22:29:26,891 - httpx - INFO - HTTP Request: GET https://api.cerebras.ai/v1/models "HTTP/1.1 200 OK"
2024-11-23 22:29:27,233 - httpx - INFO - HTTP Request: GET https://api.cerebras.ai/v1/models "HTTP/1.1 200 OK"
2024-11-23 22:29:27,540 - httpx - INFO - HTTP Request: GET https://api.cerebras.ai/v1/models "HTTP/1.1 200 OK"
2024-11-23 22:29:27,846 - httpx - INFO - HTTP Request: GET https://api.cerebras.ai/v1/models "HTTP/1.1 200 OK"
2024-11-23 22:29:27,847 - __main__ - INFO - Cerebras client initialized successfully
2024-11-23 22:29:27,847 - __main__ - WARNING - System prompt file not found, using default prompt
2024-11-23 22:29:27,847 - __main__ - INFO - MedicalAIChatbot initialized successfully
2024-11-23 22:30:28,836 - __main__ - INFO - Groq client initialized successfully
2024-11-23 22:30:30,914 - httpx - INFO - HTTP Request: GET https://api.cerebras.ai/v1/models "HTTP/1.1 200 OK"
2024-11-23 22:30:31,652 - httpx - INFO - HTTP Request: GET https://api.cerebras.ai/v1/models "HTTP/1.1 200 OK"
2024-11-23 22:30:32,395 - httpx - INFO - HTTP Request: GET https://api.cerebras.ai/v1/models "HTTP/1.1 200 OK"
2024-11-23 22:30:33,132 - httpx - INFO - HTTP Request: GET https://api.cerebras.ai/v1/models "HTTP/1.1 200 OK"
2024-11-23 22:30:33,869 - httpx - INFO - HTTP Request: GET https://api.cerebras.ai/v1/models "HTTP/1.1 200 OK"
2024-11-23 22:30:33,870 - __main__ - INFO - Cerebras client initialized successfully
2024-11-23 22:30:33,871 - __main__ - WARNING - System prompt file not found, using default prompt
2024-11-23 22:30:33,871 - __main__ - INFO - MedicalAIChatbot initialized successfully
2024-11-23 22:30:34,076 - __main__ - CRITICAL - Critical error in main: name 'alt' is not defined
Traceback (most recent call last):
  File "/Users/aniketkumar/Documents/GitHub/NeuroGuardian/app.py", line 1004, in main
    medical_dashboard()
    ~~~~~~~~~~~~~~~~~^^
  File "/Users/aniketkumar/Documents/GitHub/NeuroGuardian/app.py", line 879, in medical_dashboard
    resource_chart = alt.Chart(resource_data).mark_bar().encode(
                     ^^^
NameError: name 'alt' is not defined. Did you mean: 'apt'?

2024-11-23 22:30:41,635 - __main__ - INFO - Groq client initialized successfully
2024-11-23 22:30:42,467 - httpx - INFO - HTTP Request: GET https://api.cerebras.ai/v1/models "HTTP/1.1 200 OK"
2024-11-23 22:30:42,737 - httpx - INFO - HTTP Request: GET https://api.cerebras.ai/v1/models "HTTP/1.1 200 OK"
2024-11-23 22:30:43,112 - httpx - INFO - HTTP Request: GET https://api.cerebras.ai/v1/models "HTTP/1.1 200 OK"
2024-11-23 22:30:43,932 - httpx - INFO - HTTP Request: GET https://api.cerebras.ai/v1/models "HTTP/1.1 200 OK"
2024-11-23 22:30:44,751 - httpx - INFO - HTTP Request: GET https://api.cerebras.ai/v1/models "HTTP/1.1 200 OK"
2024-11-23 22:30:44,752 - __main__ - INFO - Cerebras client initialized successfully
2024-11-23 22:30:44,752 - __main__ - WARNING - System prompt file not found, using default prompt
2024-11-23 22:30:44,753 - __main__ - INFO - MedicalAIChatbot initialized successfully
2024-11-23 22:30:45,329 - __main__ - INFO - No existing patient records found
2024-11-23 22:30:46,534 - __main__ - INFO - Groq client initialized successfully
2024-11-23 22:30:47,966 - httpx - INFO - HTTP Request: GET https://api.cerebras.ai/v1/models "HTTP/1.1 200 OK"
2024-11-23 22:30:48,333 - httpx - INFO - HTTP Request: GET https://api.cerebras.ai/v1/models "HTTP/1.1 200 OK"
2024-11-23 22:30:48,644 - httpx - INFO - HTTP Request: GET https://api.cerebras.ai/v1/models "HTTP/1.1 200 OK"
2024-11-23 22:30:48,917 - httpx - INFO - HTTP Request: GET https://api.cerebras.ai/v1/models "HTTP/1.1 200 OK"
2024-11-23 22:30:49,242 - httpx - INFO - HTTP Request: GET https://api.cerebras.ai/v1/models "HTTP/1.1 200 OK"
2024-11-23 22:30:49,242 - __main__ - INFO - Cerebras client initialized successfully
2024-11-23 22:30:49,242 - __main__ - WARNING - System prompt file not found, using default prompt
2024-11-23 22:30:49,243 - __main__ - INFO - MedicalAIChatbot initialized successfully
2024-11-23 22:30:49,444 - __main__ - INFO - Groq client initialized successfully
2024-11-23 22:30:49,813 - httpx - INFO - HTTP Request: GET https://api.cerebras.ai/v1/models "HTTP/1.1 200 OK"
2024-11-23 22:30:50,087 - httpx - INFO - HTTP Request: GET https://api.cerebras.ai/v1/models "HTTP/1.1 200 OK"
2024-11-23 22:30:50,359 - httpx - INFO - HTTP Request: GET https://api.cerebras.ai/v1/models "HTTP/1.1 200 OK"
2024-11-23 22:30:50,632 - httpx - INFO - HTTP Request: GET https://api.cerebras.ai/v1/models "HTTP/1.1 200 OK"
2024-11-23 22:30:50,916 - httpx - INFO - HTTP Request: GET https://api.cerebras.ai/v1/models "HTTP/1.1 200 OK"
2024-11-23 22:30:50,918 - __main__ - INFO - Cerebras client initialized successfully
2024-11-23 22:30:50,918 - __main__ - WARNING - System prompt file not found, using default prompt
2024-11-23 22:30:50,919 - __main__ - INFO - MedicalAIChatbot initialized successfully
2024-11-23 22:30:58,228 - __main__ - INFO - Groq client initialized successfully
2024-11-23 22:30:58,600 - httpx - INFO - HTTP Request: GET https://api.cerebras.ai/v1/models "HTTP/1.1 200 OK"
2024-11-23 22:30:58,870 - httpx - INFO - HTTP Request: GET https://api.cerebras.ai/v1/models "HTTP/1.1 200 OK"
2024-11-23 22:30:59,189 - httpx - INFO - HTTP Request: GET https://api.cerebras.ai/v1/models "HTTP/1.1 200 OK"
2024-11-23 22:30:59,463 - httpx - INFO - HTTP Request: GET https://api.cerebras.ai/v1/models "HTTP/1.1 200 OK"
2024-11-23 22:30:59,803 - httpx - INFO - HTTP Request: GET https://api.cerebras.ai/v1/models "HTTP/1.1 200 OK"
2024-11-23 22:30:59,804 - __main__ - INFO - Cerebras client initialized successfully
2024-11-23 22:30:59,805 - __main__ - WARNING - System prompt file not found, using default prompt
2024-11-23 22:30:59,805 - __main__ - INFO - MedicalAIChatbot initialized successfully
2024-11-23 22:31:02,159 - httpx - INFO - HTTP Request: POST https://api.groq.com/openai/v1/chat/completions "HTTP/1.1 200 OK"
2024-11-23 22:31:02,244 - __main__ - INFO - Groq client initialized successfully
2024-11-23 22:31:02,627 - httpx - INFO - HTTP Request: GET https://api.cerebras.ai/v1/models "HTTP/1.1 200 OK"
2024-11-23 22:31:02,900 - httpx - INFO - HTTP Request: GET https://api.cerebras.ai/v1/models "HTTP/1.1 200 OK"
2024-11-23 22:31:03,172 - httpx - INFO - HTTP Request: GET https://api.cerebras.ai/v1/models "HTTP/1.1 200 OK"
2024-11-23 22:31:03,480 - httpx - INFO - HTTP Request: GET https://api.cerebras.ai/v1/models "HTTP/1.1 200 OK"
2024-11-23 22:31:03,798 - httpx - INFO - HTTP Request: GET https://api.cerebras.ai/v1/models "HTTP/1.1 200 OK"
2024-11-23 22:31:03,799 - __main__ - INFO - Cerebras client initialized successfully
2024-11-23 22:31:03,800 - __main__ - WARNING - System prompt file not found, using default prompt
2024-11-23 22:31:03,800 - __main__ - INFO - MedicalAIChatbot initialized successfully
2024-11-23 22:32:32,963 - __main__ - INFO - Groq client initialized successfully
2024-11-23 22:32:34,921 - httpx - INFO - HTTP Request: GET https://api.cerebras.ai/v1/models "HTTP/1.1 200 OK"
2024-11-23 22:32:35,653 - httpx - INFO - HTTP Request: GET https://api.cerebras.ai/v1/models "HTTP/1.1 200 OK"
2024-11-23 22:32:36,388 - httpx - INFO - HTTP Request: GET https://api.cerebras.ai/v1/models "HTTP/1.1 200 OK"
2024-11-23 22:32:37,122 - httpx - INFO - HTTP Request: GET https://api.cerebras.ai/v1/models "HTTP/1.1 200 OK"
2024-11-23 22:32:37,390 - httpx - INFO - HTTP Request: GET https://api.cerebras.ai/v1/models "HTTP/1.1 200 OK"
2024-11-23 22:32:37,391 - __main__ - INFO - Cerebras client initialized successfully
2024-11-23 22:32:37,391 - __main__ - WARNING - System prompt file not found, using default prompt
2024-11-23 22:32:37,392 - __main__ - INFO - MedicalAIChatbot initialized successfully
2024-11-23 22:34:00,781 - __main__ - INFO - Groq client initialized successfully
2024-11-23 22:34:01,735 - httpx - INFO - HTTP Request: GET https://api.cerebras.ai/v1/models "HTTP/1.1 200 OK"
2024-11-23 22:34:02,471 - httpx - INFO - HTTP Request: GET https://api.cerebras.ai/v1/models "HTTP/1.1 200 OK"
2024-11-23 22:34:03,221 - httpx - INFO - HTTP Request: GET https://api.cerebras.ai/v1/models "HTTP/1.1 200 OK"
2024-11-23 22:34:04,001 - httpx - INFO - HTTP Request: GET https://api.cerebras.ai/v1/models "HTTP/1.1 200 OK"
2024-11-23 22:34:04,279 - httpx - INFO - HTTP Request: GET https://api.cerebras.ai/v1/models "HTTP/1.1 200 OK"
2024-11-23 22:34:04,280 - __main__ - INFO - Cerebras client initialized successfully
2024-11-23 22:34:04,280 - __main__ - WARNING - System prompt file not found, using default prompt
2024-11-23 22:34:04,280 - __main__ - INFO - MedicalAIChatbot initialized successfully
2024-11-23 22:34:38,900 - __main__ - INFO - Groq client initialized successfully
2024-11-23 22:34:40,802 - httpx - INFO - HTTP Request: GET https://api.cerebras.ai/v1/models "HTTP/1.1 200 OK"
2024-11-23 22:34:41,536 - httpx - INFO - HTTP Request: GET https://api.cerebras.ai/v1/models "HTTP/1.1 200 OK"
2024-11-23 22:34:41,809 - httpx - INFO - HTTP Request: GET https://api.cerebras.ai/v1/models "HTTP/1.1 200 OK"
2024-11-23 22:34:42,118 - httpx - INFO - HTTP Request: GET https://api.cerebras.ai/v1/models "HTTP/1.1 200 OK"
2024-11-23 22:34:42,387 - httpx - INFO - HTTP Request: GET https://api.cerebras.ai/v1/models "HTTP/1.1 200 OK"
2024-11-23 22:34:42,388 - __main__ - INFO - Cerebras client initialized successfully
2024-11-23 22:34:42,389 - __main__ - WARNING - System prompt file not found, using default prompt
2024-11-23 22:34:42,389 - __main__ - INFO - MedicalAIChatbot initialized successfully
2024-11-23 22:35:37,481 - __main__ - INFO - Groq client initialized successfully
2024-11-23 22:35:38,371 - httpx - INFO - HTTP Request: GET https://api.cerebras.ai/v1/models "HTTP/1.1 200 OK"
2024-11-23 22:35:38,640 - httpx - INFO - HTTP Request: GET https://api.cerebras.ai/v1/models "HTTP/1.1 200 OK"
2024-11-23 22:35:39,379 - httpx - INFO - HTTP Request: GET https://api.cerebras.ai/v1/models "HTTP/1.1 200 OK"
2024-11-23 22:35:39,769 - httpx - INFO - HTTP Request: GET https://api.cerebras.ai/v1/models "HTTP/1.1 200 OK"
2024-11-23 22:35:40,075 - httpx - INFO - HTTP Request: GET https://api.cerebras.ai/v1/models "HTTP/1.1 200 OK"
2024-11-23 22:35:40,081 - __main__ - INFO - Cerebras client initialized successfully
2024-11-23 22:35:40,082 - __main__ - WARNING - System prompt file not found, using default prompt
2024-11-23 22:35:40,083 - __main__ - INFO - MedicalAIChatbot initialized successfully
2024-11-23 22:37:14,864 - __main__ - INFO - Groq client initialized successfully
2024-11-23 22:37:15,742 - httpx - INFO - HTTP Request: GET https://api.cerebras.ai/v1/models "HTTP/1.1 200 OK"
2024-11-23 22:37:16,264 - __main__ - INFO - Groq client initialized successfully
2024-11-23 22:37:16,492 - httpx - INFO - HTTP Request: GET https://api.cerebras.ai/v1/models "HTTP/1.1 200 OK"
2024-11-23 22:37:16,657 - httpx - INFO - HTTP Request: GET https://api.cerebras.ai/v1/models "HTTP/1.1 200 OK"
2024-11-23 22:37:17,229 - httpx - INFO - HTTP Request: GET https://api.cerebras.ai/v1/models "HTTP/1.1 200 OK"
2024-11-23 22:37:17,393 - httpx - INFO - HTTP Request: GET https://api.cerebras.ai/v1/models "HTTP/1.1 200 OK"
2024-11-23 22:37:17,503 - httpx - INFO - HTTP Request: GET https://api.cerebras.ai/v1/models "HTTP/1.1 200 OK"
2024-11-23 22:37:17,780 - httpx - INFO - HTTP Request: GET https://api.cerebras.ai/v1/models "HTTP/1.1 200 OK"
2024-11-23 22:37:17,818 - __main__ - INFO - Cerebras client initialized successfully
2024-11-23 22:37:17,819 - __main__ - WARNING - System prompt file not found, using default prompt
2024-11-23 22:37:17,819 - __main__ - INFO - MedicalAIChatbot initialized successfully
2024-11-23 22:37:18,129 - httpx - INFO - HTTP Request: GET https://api.cerebras.ai/v1/models "HTTP/1.1 200 OK"
2024-11-23 22:37:18,484 - httpx - INFO - HTTP Request: GET https://api.cerebras.ai/v1/models "HTTP/1.1 200 OK"
2024-11-23 22:37:18,502 - __main__ - INFO - Groq client initialized successfully
2024-11-23 22:37:18,872 - httpx - INFO - HTTP Request: GET https://api.cerebras.ai/v1/models "HTTP/1.1 200 OK"
2024-11-23 22:37:19,140 - httpx - INFO - HTTP Request: GET https://api.cerebras.ai/v1/models "HTTP/1.1 200 OK"
2024-11-23 22:37:19,218 - httpx - INFO - HTTP Request: GET https://api.cerebras.ai/v1/models "HTTP/1.1 200 OK"
2024-11-23 22:37:19,219 - __main__ - INFO - Cerebras client initialized successfully
2024-11-23 22:37:19,220 - __main__ - WARNING - System prompt file not found, using default prompt
2024-11-23 22:37:19,220 - __main__ - INFO - MedicalAIChatbot initialized successfully
2024-11-23 22:37:19,413 - httpx - INFO - HTTP Request: GET https://api.cerebras.ai/v1/models "HTTP/1.1 200 OK"
2024-11-23 22:37:19,684 - httpx - INFO - HTTP Request: GET https://api.cerebras.ai/v1/models "HTTP/1.1 200 OK"
2024-11-23 22:37:19,726 - __main__ - INFO - Groq client initialized successfully
2024-11-23 22:37:20,418 - httpx - INFO - HTTP Request: GET https://api.cerebras.ai/v1/models "HTTP/1.1 200 OK"
2024-11-23 22:37:20,420 - __main__ - INFO - Cerebras client initialized successfully
2024-11-23 22:37:20,420 - __main__ - WARNING - System prompt file not found, using default prompt
2024-11-23 22:37:20,420 - __main__ - INFO - MedicalAIChatbot initialized successfully
2024-11-23 22:37:20,552 - httpx - INFO - HTTP Request: GET https://api.cerebras.ai/v1/models "HTTP/1.1 200 OK"
2024-11-23 22:37:20,823 - httpx - INFO - HTTP Request: GET https://api.cerebras.ai/v1/models "HTTP/1.1 200 OK"
2024-11-23 22:37:21,145 - httpx - INFO - HTTP Request: GET https://api.cerebras.ai/v1/models "HTTP/1.1 200 OK"
2024-11-23 22:37:21,416 - httpx - INFO - HTTP Request: GET https://api.cerebras.ai/v1/models "HTTP/1.1 200 OK"
2024-11-23 22:37:21,688 - httpx - INFO - HTTP Request: GET https://api.cerebras.ai/v1/models "HTTP/1.1 200 OK"
2024-11-23 22:37:21,688 - __main__ - INFO - Cerebras client initialized successfully
2024-11-23 22:37:21,689 - __main__ - WARNING - System prompt file not found, using default prompt
2024-11-23 22:37:21,689 - __main__ - INFO - MedicalAIChatbot initialized successfully
2024-11-23 22:38:43,267 - __main__ - INFO - Groq client initialized successfully
2024-11-23 22:38:44,234 - httpx - INFO - HTTP Request: GET https://api.cerebras.ai/v1/models "HTTP/1.1 200 OK"
2024-11-23 22:38:44,660 - __main__ - INFO - Groq client initialized successfully
2024-11-23 22:38:44,974 - httpx - INFO - HTTP Request: GET https://api.cerebras.ai/v1/models "HTTP/1.1 200 OK"
2024-11-23 22:38:45,067 - httpx - INFO - HTTP Request: GET https://api.cerebras.ai/v1/models "HTTP/1.1 200 OK"
2024-11-23 22:38:45,249 - httpx - INFO - HTTP Request: GET https://api.cerebras.ai/v1/models "HTTP/1.1 200 OK"
2024-11-23 22:38:45,832 - httpx - INFO - HTTP Request: GET https://api.cerebras.ai/v1/models "HTTP/1.1 200 OK"
2024-11-23 22:38:45,990 - httpx - INFO - HTTP Request: GET https://api.cerebras.ai/v1/models "HTTP/1.1 200 OK"
2024-11-23 22:38:46,265 - httpx - INFO - HTTP Request: GET https://api.cerebras.ai/v1/models "HTTP/1.1 200 OK"
2024-11-23 22:38:46,266 - __main__ - INFO - Cerebras client initialized successfully
2024-11-23 22:38:46,267 - __main__ - WARNING - System prompt file not found, using default prompt
2024-11-23 22:38:46,267 - __main__ - INFO - MedicalAIChatbot initialized successfully
2024-11-23 22:38:46,352 - __main__ - INFO - Groq client initialized successfully
2024-11-23 22:38:46,571 - httpx - INFO - HTTP Request: GET https://api.cerebras.ai/v1/models "HTTP/1.1 200 OK"
2024-11-23 22:38:46,705 - httpx - INFO - HTTP Request: GET https://api.cerebras.ai/v1/models "HTTP/1.1 200 OK"
2024-11-23 22:38:47,194 - __main__ - INFO - Groq client initialized successfully
2024-11-23 22:38:47,306 - httpx - INFO - HTTP Request: GET https://api.cerebras.ai/v1/models "HTTP/1.1 200 OK"
2024-11-23 22:38:47,440 - httpx - INFO - HTTP Request: GET https://api.cerebras.ai/v1/models "HTTP/1.1 200 OK"
2024-11-23 22:38:47,558 - httpx - INFO - HTTP Request: GET https://api.cerebras.ai/v1/models "HTTP/1.1 200 OK"
2024-11-23 22:38:47,710 - httpx - INFO - HTTP Request: GET https://api.cerebras.ai/v1/models "HTTP/1.1 200 OK"
2024-11-23 22:38:48,042 - httpx - INFO - HTTP Request: GET https://api.cerebras.ai/v1/models "HTTP/1.1 200 OK"
2024-11-23 22:38:48,044 - __main__ - INFO - Cerebras client initialized successfully
2024-11-23 22:38:48,044 - __main__ - WARNING - System prompt file not found, using default prompt
2024-11-23 22:38:48,044 - __main__ - INFO - MedicalAIChatbot initialized successfully
2024-11-23 22:38:48,294 - httpx - INFO - HTTP Request: GET https://api.cerebras.ai/v1/models "HTTP/1.1 200 OK"
2024-11-23 22:38:48,446 - httpx - INFO - HTTP Request: GET https://api.cerebras.ai/v1/models "HTTP/1.1 200 OK"
2024-11-23 22:38:48,802 - httpx - INFO - HTTP Request: GET https://api.cerebras.ai/v1/models "HTTP/1.1 200 OK"
2024-11-23 22:38:48,803 - httpx - INFO - HTTP Request: GET https://api.cerebras.ai/v1/models "HTTP/1.1 200 OK"
2024-11-23 22:38:48,806 - __main__ - INFO - Cerebras client initialized successfully
2024-11-23 22:38:48,806 - __main__ - WARNING - System prompt file not found, using default prompt
2024-11-23 22:38:48,806 - __main__ - INFO - MedicalAIChatbot initialized successfully
2024-11-23 22:38:49,074 - httpx - INFO - HTTP Request: GET https://api.cerebras.ai/v1/models "HTTP/1.1 200 OK"
2024-11-23 22:38:49,346 - httpx - INFO - HTTP Request: GET https://api.cerebras.ai/v1/models "HTTP/1.1 200 OK"
2024-11-23 22:38:49,346 - __main__ - INFO - Cerebras client initialized successfully
2024-11-23 22:38:49,346 - __main__ - WARNING - System prompt file not found, using default prompt
2024-11-23 22:38:49,346 - __main__ - INFO - MedicalAIChatbot initialized successfully
2024-11-23 22:38:52,683 - __main__ - INFO - Groq client initialized successfully
2024-11-23 22:38:53,050 - httpx - INFO - HTTP Request: GET https://api.cerebras.ai/v1/models "HTTP/1.1 200 OK"
2024-11-23 22:38:53,321 - httpx - INFO - HTTP Request: GET https://api.cerebras.ai/v1/models "HTTP/1.1 200 OK"
2024-11-23 22:38:53,613 - httpx - INFO - HTTP Request: GET https://api.cerebras.ai/v1/models "HTTP/1.1 200 OK"
2024-11-23 22:38:53,921 - httpx - INFO - HTTP Request: GET https://api.cerebras.ai/v1/models "HTTP/1.1 200 OK"
2024-11-23 22:38:54,189 - httpx - INFO - HTTP Request: GET https://api.cerebras.ai/v1/models "HTTP/1.1 200 OK"
2024-11-23 22:38:54,190 - __main__ - INFO - Cerebras client initialized successfully
2024-11-23 22:38:54,190 - __main__ - WARNING - System prompt file not found, using default prompt
2024-11-23 22:38:54,190 - __main__ - INFO - MedicalAIChatbot initialized successfully
2024-11-23 22:38:54,995 - httpx - INFO - HTTP Request: POST https://api.groq.com/openai/v1/chat/completions "HTTP/1.1 200 OK"
2024-11-23 22:38:55,076 - __main__ - INFO - Groq client initialized successfully
2024-11-23 22:38:55,443 - httpx - INFO - HTTP Request: GET https://api.cerebras.ai/v1/models "HTTP/1.1 200 OK"
2024-11-23 22:38:55,720 - httpx - INFO - HTTP Request: GET https://api.cerebras.ai/v1/models "HTTP/1.1 200 OK"
2024-11-23 22:38:55,989 - httpx - INFO - HTTP Request: GET https://api.cerebras.ai/v1/models "HTTP/1.1 200 OK"
2024-11-23 22:38:56,261 - httpx - INFO - HTTP Request: GET https://api.cerebras.ai/v1/models "HTTP/1.1 200 OK"
2024-11-23 22:38:56,576 - httpx - INFO - HTTP Request: GET https://api.cerebras.ai/v1/models "HTTP/1.1 200 OK"
2024-11-23 22:38:56,578 - __main__ - INFO - Cerebras client initialized successfully
2024-11-23 22:38:56,578 - __main__ - WARNING - System prompt file not found, using default prompt
2024-11-23 22:38:56,579 - __main__ - INFO - MedicalAIChatbot initialized successfully
2024-11-23 22:40:54,262 - __main__ - INFO - Groq client initialized successfully
2024-11-23 22:40:55,495 - httpx - INFO - HTTP Request: GET https://api.cerebras.ai/v1/models "HTTP/1.1 200 OK"
2024-11-23 22:40:56,229 - httpx - INFO - HTTP Request: GET https://api.cerebras.ai/v1/models "HTTP/1.1 200 OK"
2024-11-23 22:40:56,970 - httpx - INFO - HTTP Request: GET https://api.cerebras.ai/v1/models "HTTP/1.1 200 OK"
2024-11-23 22:40:57,714 - httpx - INFO - HTTP Request: GET https://api.cerebras.ai/v1/models "HTTP/1.1 200 OK"
2024-11-23 22:40:57,983 - httpx - INFO - HTTP Request: GET https://api.cerebras.ai/v1/models "HTTP/1.1 200 OK"
2024-11-23 22:40:57,985 - __main__ - INFO - Cerebras client initialized successfully
2024-11-23 22:40:57,985 - __main__ - WARNING - System prompt file not found, using default prompt
2024-11-23 22:40:57,985 - __main__ - INFO - MedicalAIChatbot initialized successfully
2024-11-23 22:41:00,947 - __main__ - INFO - Groq client initialized successfully
2024-11-23 22:41:01,318 - httpx - INFO - HTTP Request: GET https://api.cerebras.ai/v1/models "HTTP/1.1 200 OK"
2024-11-23 22:41:01,592 - httpx - INFO - HTTP Request: GET https://api.cerebras.ai/v1/models "HTTP/1.1 200 OK"
2024-11-23 22:41:01,867 - httpx - INFO - HTTP Request: GET https://api.cerebras.ai/v1/models "HTTP/1.1 200 OK"
2024-11-23 22:41:02,639 - httpx - INFO - HTTP Request: GET https://api.cerebras.ai/v1/models "HTTP/1.1 200 OK"
2024-11-23 22:41:02,930 - httpx - INFO - HTTP Request: GET https://api.cerebras.ai/v1/models "HTTP/1.1 200 OK"
2024-11-23 22:41:02,931 - __main__ - INFO - Cerebras client initialized successfully
2024-11-23 22:41:02,931 - __main__ - WARNING - System prompt file not found, using default prompt
2024-11-23 22:41:02,931 - __main__ - INFO - MedicalAIChatbot initialized successfully
2024-11-23 22:41:04,075 - httpx - INFO - HTTP Request: POST https://api.groq.com/openai/v1/chat/completions "HTTP/1.1 200 OK"
2024-11-23 22:41:04,155 - __main__ - INFO - Groq client initialized successfully
2024-11-23 22:41:04,504 - httpx - INFO - HTTP Request: GET https://api.cerebras.ai/v1/models "HTTP/1.1 200 OK"
2024-11-23 22:41:04,771 - httpx - INFO - HTTP Request: GET https://api.cerebras.ai/v1/models "HTTP/1.1 200 OK"
2024-11-23 22:41:05,504 - httpx - INFO - HTTP Request: GET https://api.cerebras.ai/v1/models "HTTP/1.1 200 OK"
2024-11-23 22:41:05,813 - httpx - INFO - HTTP Request: GET https://api.cerebras.ai/v1/models "HTTP/1.1 200 OK"
2024-11-23 22:41:06,083 - httpx - INFO - HTTP Request: GET https://api.cerebras.ai/v1/models "HTTP/1.1 200 OK"
2024-11-23 22:41:06,084 - __main__ - INFO - Cerebras client initialized successfully
2024-11-23 22:41:06,084 - __main__ - WARNING - System prompt file not found, using default prompt
2024-11-23 22:41:06,084 - __main__ - INFO - MedicalAIChatbot initialized successfully
2024-11-23 22:41:44,692 - __main__ - WARNING - System prompt file not found, using default prompt
2024-11-23 22:41:44,693 - __main__ - INFO - MedicalAIChatbot initialized successfully
2024-11-23 22:45:20,007 - __main__ - INFO - Environment variables loaded successfully
2024-11-23 22:45:20,039 - __main__ - WARNING - System prompt file not found, using default prompt
2024-11-23 22:45:20,039 - __main__ - INFO - MedicalAIChatbot initialized successfully
2024-11-23 22:45:25,793 - __main__ - INFO - Environment variables loaded successfully
2024-11-23 22:45:31,491 - __main__ - INFO - Environment variables loaded successfully
2024-11-23 22:45:31,539 - __main__ - WARNING - System prompt file not found, using default prompt
2024-11-23 22:45:31,539 - __main__ - INFO - MedicalAIChatbot initialized successfully
2024-11-23 22:45:33,775 - __main__ - INFO - Environment variables loaded successfully
2024-11-23 22:45:33,819 - __main__ - WARNING - System prompt file not found, using default prompt
2024-11-23 22:45:33,819 - __main__ - INFO - MedicalAIChatbot initialized successfully
2024-11-23 22:45:37,658 - __main__ - INFO - Environment variables loaded successfully
2024-11-23 22:45:37,705 - __main__ - WARNING - System prompt file not found, using default prompt
2024-11-23 22:45:37,706 - __main__ - INFO - MedicalAIChatbot initialized successfully
2024-11-23 22:45:38,141 - httpx - INFO - HTTP Request: POST https://api.groq.com/openai/v1/chat/completions "HTTP/1.1 400 Bad Request"
2024-11-23 22:45:38,142 - __main__ - ERROR - API error occurred: Error code: 400 - {'error': {'message': "'messages.0' : for 'role:user' the following must be satisfied[('messages.0' : property 'id' is unsupported, did you mean 'name'?)]", 'type': 'invalid_request_error'}}
2024-11-23 22:45:42,607 - httpx - INFO - HTTP Request: POST https://api.groq.com/openai/v1/chat/completions "HTTP/1.1 400 Bad Request"
2024-11-23 22:45:42,608 - __main__ - ERROR - API error occurred: Error code: 400 - {'error': {'message': "'messages.0' : for 'role:user' the following must be satisfied[('messages.0' : property 'id' is unsupported, did you mean 'name'?)]", 'type': 'invalid_request_error'}}
2024-11-23 22:45:47,009 - httpx - INFO - HTTP Request: POST https://api.groq.com/openai/v1/chat/completions "HTTP/1.1 400 Bad Request"
2024-11-23 22:45:47,010 - __main__ - ERROR - API error occurred: Error code: 400 - {'error': {'message': "'messages.0' : for 'role:user' the following must be satisfied[('messages.0' : property 'id' is unsupported, did you mean 'name'?)]", 'type': 'invalid_request_error'}}
2024-11-23 22:47:20,500 - __main__ - INFO - Environment variables loaded successfully
2024-11-23 22:47:20,540 - __main__ - WARNING - System prompt file not found, using default prompt
2024-11-23 22:47:20,540 - __main__ - INFO - MedicalAIChatbot initialized successfully
2024-11-23 22:47:23,527 - __main__ - INFO - Environment variables loaded successfully
2024-11-23 22:47:23,581 - __main__ - WARNING - System prompt file not found, using default prompt
2024-11-23 22:47:23,581 - __main__ - INFO - MedicalAIChatbot initialized successfully
2024-11-23 22:47:24,166 - httpx - INFO - HTTP Request: POST https://api.groq.com/openai/v1/chat/completions "HTTP/1.1 400 Bad Request"
2024-11-23 22:47:24,167 - __main__ - ERROR - API error occurred: Error code: 400 - {'error': {'message': "'messages.0' : for 'role:user' the following must be satisfied[('messages.0' : property 'id' is unsupported, did you mean 'name'?)]", 'type': 'invalid_request_error'}}
2024-11-23 22:47:28,486 - httpx - INFO - HTTP Request: POST https://api.groq.com/openai/v1/chat/completions "HTTP/1.1 400 Bad Request"
2024-11-23 22:47:28,488 - __main__ - ERROR - API error occurred: Error code: 400 - {'error': {'message': "'messages.0' : for 'role:user' the following must be satisfied[('messages.0' : property 'id' is unsupported, did you mean 'name'?)]", 'type': 'invalid_request_error'}}
2024-11-23 22:47:32,797 - httpx - INFO - HTTP Request: POST https://api.groq.com/openai/v1/chat/completions "HTTP/1.1 400 Bad Request"
2024-11-23 22:47:32,798 - __main__ - ERROR - API error occurred: Error code: 400 - {'error': {'message': "'messages.0' : for 'role:user' the following must be satisfied[('messages.0' : property 'id' is unsupported, did you mean 'name'?)]", 'type': 'invalid_request_error'}}
2024-11-23 22:47:32,806 - __main__ - ERROR - Error in chat page: RetryError[<Future at 0x1193042f0 state=finished raised BadRequestError>]
Traceback (most recent call last):
  File "/Library/Frameworks/Python.framework/Versions/3.13/lib/python3.13/site-packages/tenacity/__init__.py", line 478, in __call__
    result = fn(*args, **kwargs)
  File "/Users/aniketkumar/Documents/GitHub/NeuroGuardian/app.py", line 234, in generate_response
    chat_completion = self.client.chat.completions.create(
        messages=messages,
    ...<2 lines>...
        max_tokens=max_tokens
    )
  File "/Library/Frameworks/Python.framework/Versions/3.13/lib/python3.13/site-packages/groq/resources/chat/completions.py", line 298, in create
    return self._post(
           ~~~~~~~~~~^
        "/openai/v1/chat/completions",
        ^^^^^^^^^^^^^^^^^^^^^^^^^^^^^^
    ...<31 lines>...
        stream_cls=Stream[ChatCompletionChunk],
        ^^^^^^^^^^^^^^^^^^^^^^^^^^^^^^^^^^^^^^^
    )
    ^
  File "/Library/Frameworks/Python.framework/Versions/3.13/lib/python3.13/site-packages/groq/_base_client.py", line 1261, in post
    return cast(ResponseT, self.request(cast_to, opts, stream=stream, stream_cls=stream_cls))
                           ~~~~~~~~~~~~^^^^^^^^^^^^^^^^^^^^^^^^^^^^^^^^^^^^^^^^^^^^^^^^^^^^^
  File "/Library/Frameworks/Python.framework/Versions/3.13/lib/python3.13/site-packages/groq/_base_client.py", line 953, in request
    return self._request(
           ~~~~~~~~~~~~~^
        cast_to=cast_to,
        ^^^^^^^^^^^^^^^^
    ...<3 lines>...
        retries_taken=retries_taken,
        ^^^^^^^^^^^^^^^^^^^^^^^^^^^^
    )
    ^
  File "/Library/Frameworks/Python.framework/Versions/3.13/lib/python3.13/site-packages/groq/_base_client.py", line 1056, in _request
    raise self._make_status_error_from_response(err.response) from None
groq.BadRequestError: Error code: 400 - {'error': {'message': "'messages.0' : for 'role:user' the following must be satisfied[('messages.0' : property 'id' is unsupported, did you mean 'name'?)]", 'type': 'invalid_request_error'}}

The above exception was the direct cause of the following exception:

Traceback (most recent call last):
  File "/Users/aniketkumar/Documents/GitHub/NeuroGuardian/app.py", line 613, in chat_page
    ai_response = chatbot.generate_response(st.session_state.chat_history, selected_patient)
  File "/Library/Frameworks/Python.framework/Versions/3.13/lib/python3.13/site-packages/tenacity/__init__.py", line 336, in wrapped_f
    return copy(f, *args, **kw)
  File "/Library/Frameworks/Python.framework/Versions/3.13/lib/python3.13/site-packages/tenacity/__init__.py", line 475, in __call__
    do = self.iter(retry_state=retry_state)
  File "/Library/Frameworks/Python.framework/Versions/3.13/lib/python3.13/site-packages/tenacity/__init__.py", line 376, in iter
    result = action(retry_state)
  File "/Library/Frameworks/Python.framework/Versions/3.13/lib/python3.13/site-packages/tenacity/__init__.py", line 419, in exc_check
    raise retry_exc from fut.exception()
tenacity.RetryError: RetryError[<Future at 0x1193042f0 state=finished raised BadRequestError>]

2024-11-23 22:48:20,352 - __main__ - INFO - Environment variables loaded successfully
2024-11-23 22:48:20,385 - __main__ - WARNING - System prompt file not found, using default prompt
2024-11-23 22:48:20,385 - __main__ - INFO - MedicalAIChatbot initialized successfully
2024-11-23 22:48:23,513 - __main__ - INFO - Environment variables loaded successfully
2024-11-23 22:48:23,561 - __main__ - WARNING - System prompt file not found, using default prompt
2024-11-23 22:48:23,561 - __main__ - INFO - MedicalAIChatbot initialized successfully
2024-11-23 22:48:24,196 - httpx - INFO - HTTP Request: POST https://api.groq.com/openai/v1/chat/completions "HTTP/1.1 200 OK"
2024-11-23 22:50:08,470 - __main__ - INFO - Environment variables loaded successfully
2024-11-23 22:50:08,522 - __main__ - WARNING - System prompt file not found, using default prompt
2024-11-23 22:50:08,522 - __main__ - INFO - MedicalAIChatbot initialized successfully
2024-11-23 22:50:12,073 - __main__ - INFO - Environment variables loaded successfully
2024-11-23 22:50:12,121 - __main__ - WARNING - System prompt file not found, using default prompt
2024-11-23 22:50:12,121 - __main__ - INFO - MedicalAIChatbot initialized successfully
2024-11-23 22:50:12,742 - httpx - INFO - HTTP Request: POST https://api.groq.com/openai/v1/chat/completions "HTTP/1.1 200 OK"
2024-11-23 22:51:01,542 - __main__ - INFO - Environment variables loaded successfully
2024-11-23 22:51:01,572 - __main__ - WARNING - System prompt file not found, using default prompt
2024-11-23 22:51:01,573 - __main__ - INFO - MedicalAIChatbot initialized successfully
2024-11-23 22:51:05,009 - __main__ - INFO - Environment variables loaded successfully
2024-11-23 22:51:05,060 - __main__ - WARNING - System prompt file not found, using default prompt
2024-11-23 22:51:05,060 - __main__ - INFO - MedicalAIChatbot initialized successfully
2024-11-23 22:51:05,683 - httpx - INFO - HTTP Request: POST https://api.groq.com/openai/v1/chat/completions "HTTP/1.1 200 OK"
2024-11-23 22:51:08,214 - __main__ - INFO - Environment variables loaded successfully
2024-11-23 22:51:08,259 - __main__ - WARNING - System prompt file not found, using default prompt
2024-11-23 22:51:08,259 - __main__ - INFO - MedicalAIChatbot initialized successfully
2024-11-23 22:51:10,112 - __main__ - INFO - Environment variables loaded successfully
2024-11-23 22:51:10,158 - __main__ - WARNING - System prompt file not found, using default prompt
2024-11-23 22:51:10,158 - __main__ - INFO - MedicalAIChatbot initialized successfully
2024-11-23 22:51:10,201 - __main__ - INFO - Environment variables loaded successfully
2024-11-23 22:51:10,225 - __main__ - WARNING - System prompt file not found, using default prompt
2024-11-23 22:51:10,225 - __main__ - INFO - MedicalAIChatbot initialized successfully
2024-11-23 22:51:14,738 - __main__ - INFO - Environment variables loaded successfully
2024-11-23 22:51:14,765 - __main__ - WARNING - System prompt file not found, using default prompt
2024-11-23 22:51:14,766 - __main__ - INFO - MedicalAIChatbot initialized successfully
Environment variables loaded successfully
System prompt file not found, using default prompt
MedicalAIChatbot initialized successfully
Environment variables loaded successfully
System prompt file not found, using default prompt
MedicalAIChatbot initialized successfully
Environment variables loaded successfully
System prompt file not found, using default prompt
MedicalAIChatbot initialized successfully
HTTP Request: POST https://api.groq.com/openai/v1/chat/completions "HTTP/1.1 200 OK"
Environment variables loaded successfully
Environment variables loaded successfully
System prompt file not found, using default prompt
MedicalAIChatbot initialized successfully
Environment variables loaded successfully
Environment variables loaded successfully
Environment variables loaded successfully
Environment variables loaded successfully
No existing patient records found
Environment variables loaded successfully
Environment variables loaded successfully
System prompt file not found, using default prompt
MedicalAIChatbot initialized successfully
Environment variables loaded successfully
Environment variables loaded successfully
System prompt file not found, using default prompt
MedicalAIChatbot initialized successfully
Environment variables loaded successfully
Environment variables loaded successfully
System prompt file not found, using default prompt
MedicalAIChatbot initialized successfully
Environment variables loaded successfully
Environment variables loaded successfully
System prompt file not found, using default prompt
MedicalAIChatbot initialized successfully
Environment variables loaded successfully
Environment variables loaded successfully
Saved data for user with access code: 76A32B25
Environment variables loaded successfully
Environment variables loaded successfully
System prompt file not found, using default prompt
MedicalAIChatbot initialized successfully
Environment variables loaded successfully
Environment variables loaded successfully
System prompt file not found, using default prompt
MedicalAIChatbot initialized successfully
HTTP Request: POST https://api.groq.com/openai/v1/chat/completions "HTTP/1.1 200 OK"
Environment variables loaded successfully
Environment variables loaded successfully
System prompt file not found, using default prompt
MedicalAIChatbot initialized successfully
HTTP Request: POST https://api.groq.com/openai/v1/chat/completions "HTTP/1.1 200 OK"
Environment variables loaded successfully
Environment variables loaded successfully
System prompt file not found, using default prompt
MedicalAIChatbot initialized successfully
Environment variables loaded successfully
Environment variables loaded successfully
System prompt file not found, using default prompt
MedicalAIChatbot initialized successfully
HTTP Request: POST https://api.groq.com/openai/v1/chat/completions "HTTP/1.1 200 OK"
Environment variables loaded successfully
Environment variables loaded successfully
System prompt file not found, using default prompt
MedicalAIChatbot initialized successfully
Environment variables loaded successfully
Environment variables loaded successfully
System prompt file not found, using default prompt
MedicalAIChatbot initialized successfully
Environment variables loaded successfully
Environment variables loaded successfully
System prompt file not found, using default prompt
MedicalAIChatbot initialized successfully
Environment variables loaded successfully
Environment variables loaded successfully
System prompt file not found, using default prompt
MedicalAIChatbot initialized successfully
Environment variables loaded successfully
Environment variables loaded successfully
System prompt file not found, using default prompt
MedicalAIChatbot initialized successfully
Environment variables loaded successfully
Environment variables loaded successfully
System prompt file not found, using default prompt
MedicalAIChatbot initialized successfully
HTTP Request: POST https://api.groq.com/openai/v1/chat/completions "HTTP/1.1 200 OK"
Environment variables loaded successfully
Environment variables loaded successfully
System prompt file not found, using default prompt
MedicalAIChatbot initialized successfully
Environment variables loaded successfully
Environment variables loaded successfully
System prompt file not found, using default prompt
MedicalAIChatbot initialized successfully
Environment variables loaded successfully
Environment variables loaded successfully
System prompt file not found, using default prompt
MedicalAIChatbot initialized successfully
Environment variables loaded successfully
Environment variables loaded successfully
System prompt file not found, using default prompt
MedicalAIChatbot initialized successfully
Environment variables loaded successfully
Environment variables loaded successfully
System prompt file not found, using default prompt
MedicalAIChatbot initialized successfully
Environment variables loaded successfully
Environment variables loaded successfully
System prompt file not found, using default prompt
MedicalAIChatbot initialized successfully
Environment variables loaded successfully
Environment variables loaded successfully
System prompt file not found, using default prompt
MedicalAIChatbot initialized successfully
Environment variables loaded successfully
Environment variables loaded successfully
System prompt file not found, using default prompt
MedicalAIChatbot initialized successfully
Environment variables loaded successfully
Environment variables loaded successfully
System prompt file not found, using default prompt
MedicalAIChatbot initialized successfully
Environment variables loaded successfully
Environment variables loaded successfully
System prompt file not found, using default prompt
MedicalAIChatbot initialized successfully
Environment variables loaded successfully
Environment variables loaded successfully
System prompt file not found, using default prompt
MedicalAIChatbot initialized successfully
Environment variables loaded successfully
Environment variables loaded successfully
System prompt file not found, using default prompt
MedicalAIChatbot initialized successfully
Error in chat page: RetryError[<Future at 0x117de20d0 state=finished raised TypeError>]
Traceback (most recent call last):
  File "/Library/Frameworks/Python.framework/Versions/3.13/lib/python3.13/site-packages/tenacity/__init__.py", line 478, in __call__
    result = fn(*args, **kwargs)
TypeError: MedicalAIChatbot.generate_response() got an unexpected keyword argument 'max_length'

The above exception was the direct cause of the following exception:

Traceback (most recent call last):
  File "/Users/aniketkumar/Documents/GitHub/NeuroGuardian/app.py", line 969, in chat_page
    response = chatbot.generate_response(
        st.session_state.messages,
    ...<2 lines>...
        include_citations=st.session_state.settings.get("citations", False)
    )
  File "/Library/Frameworks/Python.framework/Versions/3.13/lib/python3.13/site-packages/tenacity/__init__.py", line 336, in wrapped_f
    return copy(f, *args, **kw)
  File "/Library/Frameworks/Python.framework/Versions/3.13/lib/python3.13/site-packages/tenacity/__init__.py", line 475, in __call__
    do = self.iter(retry_state=retry_state)
  File "/Library/Frameworks/Python.framework/Versions/3.13/lib/python3.13/site-packages/tenacity/__init__.py", line 376, in iter
    result = action(retry_state)
  File "/Library/Frameworks/Python.framework/Versions/3.13/lib/python3.13/site-packages/tenacity/__init__.py", line 419, in exc_check
    raise retry_exc from fut.exception()
tenacity.RetryError: RetryError[<Future at 0x117de20d0 state=finished raised TypeError>]

Error in chat page: RetryError[<Future at 0x117c0d850 state=finished raised TypeError>]
Traceback (most recent call last):
  File "/Library/Frameworks/Python.framework/Versions/3.13/lib/python3.13/site-packages/tenacity/__init__.py", line 478, in __call__
    result = fn(*args, **kwargs)
TypeError: MedicalAIChatbot.generate_response() got an unexpected keyword argument 'max_length'

The above exception was the direct cause of the following exception:

Traceback (most recent call last):
  File "/Users/aniketkumar/Documents/GitHub/NeuroGuardian/app.py", line 969, in chat_page
    response = chatbot.generate_response(
        st.session_state.messages,
    ...<2 lines>...
        include_citations=st.session_state.settings.get("citations", False)
    )
  File "/Library/Frameworks/Python.framework/Versions/3.13/lib/python3.13/site-packages/tenacity/__init__.py", line 336, in wrapped_f
    return copy(f, *args, **kw)
  File "/Library/Frameworks/Python.framework/Versions/3.13/lib/python3.13/site-packages/tenacity/__init__.py", line 475, in __call__
    do = self.iter(retry_state=retry_state)
  File "/Library/Frameworks/Python.framework/Versions/3.13/lib/python3.13/site-packages/tenacity/__init__.py", line 376, in iter
    result = action(retry_state)
  File "/Library/Frameworks/Python.framework/Versions/3.13/lib/python3.13/site-packages/tenacity/__init__.py", line 419, in exc_check
    raise retry_exc from fut.exception()
tenacity.RetryError: RetryError[<Future at 0x117c0d850 state=finished raised TypeError>]

Environment variables loaded successfully
Environment variables loaded successfully
System prompt file not found, using default prompt
MedicalAIChatbot initialized successfully
Environment variables loaded successfully
Environment variables loaded successfully
System prompt file not found, using default prompt
MedicalAIChatbot initialized successfully
Environment variables loaded successfully
Environment variables loaded successfully
System prompt file not found, using default prompt
MedicalAIChatbot initialized successfully
Error in chat page: unhashable type: 'list'
Traceback (most recent call last):
  File "/Users/aniketkumar/Documents/GitHub/NeuroGuardian/app.py", line 951, in chat_page
    ai_response = chatbot.cached_generate_response(st.session_state.chat_history, selected_patient)
TypeError: unhashable type: 'list'

Environment variables loaded successfully
Environment variables loaded successfully
Environment variables loaded successfully
Environment variables loaded successfully
System prompt file not found, using default prompt
MedicalAIChatbot initialized successfully
Environment variables loaded successfully
Environment variables loaded successfully
System prompt file not found, using default prompt
MedicalAIChatbot initialized successfully with enhanced features
Environment variables loaded successfully
Environment variables loaded successfully
System prompt file not found, using default prompt
MedicalAIChatbot initialized successfully with enhanced features
Environment variables loaded successfully
Environment variables loaded successfully
System prompt file not found, using default prompt
MedicalAIChatbot initialized successfully with enhanced features
Environment variables loaded successfully
Environment variables loaded successfully
System prompt file not found, using default prompt
MedicalAIChatbot initialized successfully with enhanced features
Environment variables loaded successfully
Environment variables loaded successfully
System prompt file not found, using default prompt
MedicalAIChatbot initialized successfully with enhanced features
Environment variables loaded successfully
Environment variables loaded successfully
System prompt file not found, using default prompt
MedicalAIChatbot initialized successfully with enhanced features
Environment variables loaded successfully
Environment variables loaded successfully
System prompt file not found, using default prompt
MedicalAIChatbot initialized successfully with enhanced features
Environment variables loaded successfully
Environment variables loaded successfully
System prompt file not found, using default prompt
MedicalAIChatbot initialized successfully with enhanced features
Environment variables loaded successfully
Environment variables loaded successfully
Environment variables loaded successfully
Environment variables loaded successfully
2024-11-24 15:06:03,389 - __main__ - WARNING - 4506 - 6208516096 - System prompt file not found, using default prompt
2024-11-24 15:06:03,389 - __main__ - INFO - 4506 - 6208516096 - MedicalAIChatbot initialized successfully
2024-11-24 15:06:06,621 - __main__ - WARNING - 4506 - 6243315712 - System prompt file not found, using default prompt
2024-11-24 15:06:06,621 - __main__ - INFO - 4506 - 6243315712 - MedicalAIChatbot initialized successfully
2024-11-24 15:06:07,713 - __main__ - WARNING - 4506 - 6208516096 - System prompt file not found, using default prompt
2024-11-24 15:06:07,714 - __main__ - INFO - 4506 - 6208516096 - MedicalAIChatbot initialized successfully
2024-11-24 15:06:20,608 - __main__ - WARNING - 4506 - 6242742272 - System prompt file not found, using default prompt
2024-11-24 15:06:20,608 - __main__ - INFO - 4506 - 6242742272 - MedicalAIChatbot initialized successfully
2024-11-24 15:06:22,737 - __main__ - WARNING - 4506 - 6208516096 - System prompt file not found, using default prompt
2024-11-24 15:06:22,738 - __main__ - INFO - 4506 - 6208516096 - MedicalAIChatbot initialized successfully
2024-11-24 15:06:22,738 - __main__ - INFO - 4506 - 6208516096 - No existing patient records found
2024-11-24 15:06:24,166 - __main__ - WARNING - 4506 - 6242742272 - System prompt file not found, using default prompt
2024-11-24 15:06:24,166 - __main__ - INFO - 4506 - 6242742272 - MedicalAIChatbot initialized successfully
2024-11-24 15:06:25,716 - __main__ - WARNING - 4506 - 6208516096 - System prompt file not found, using default prompt
2024-11-24 15:06:25,716 - __main__ - INFO - 4506 - 6208516096 - MedicalAIChatbot initialized successfully
2024-11-24 15:06:27,035 - __main__ - WARNING - 4506 - 6242742272 - System prompt file not found, using default prompt
2024-11-24 15:06:27,035 - __main__ - INFO - 4506 - 6242742272 - MedicalAIChatbot initialized successfully
2024-11-24 15:06:34,478 - __main__ - WARNING - 4506 - 6208516096 - System prompt file not found, using default prompt
2024-11-24 15:06:34,479 - __main__ - INFO - 4506 - 6208516096 - MedicalAIChatbot initialized successfully
2024-11-24 15:06:35,296 - httpx - INFO - 4506 - 6208516096 - HTTP Request: POST https://api.groq.com/openai/v1/chat/completions "HTTP/1.1 200 OK"
2024-11-24 15:06:44,545 - __main__ - WARNING - 4506 - 6242742272 - System prompt file not found, using default prompt
2024-11-24 15:06:44,545 - __main__ - INFO - 4506 - 6242742272 - MedicalAIChatbot initialized successfully
2024-11-24 15:06:45,321 - httpx - INFO - 4506 - 6242742272 - HTTP Request: POST https://api.groq.com/openai/v1/chat/completions "HTTP/1.1 200 OK"
2024-11-24 15:06:51,232 - __main__ - WARNING - 4506 - 6208516096 - System prompt file not found, using default prompt
2024-11-24 15:06:51,233 - __main__ - INFO - 4506 - 6208516096 - MedicalAIChatbot initialized successfully
2024-11-24 15:09:56,494 - cerebras.cloud.sdk._base_client - INFO - 4571 - 6220017664 - Retrying request to /v1/models in 0.497311 seconds
2024-11-24 15:09:57,819 - httpx - INFO - 4571 - 6220017664 - HTTP Request: GET https://api.cerebras.ai/v1/models "HTTP/1.1 200 OK"
2024-11-24 15:09:58,565 - httpx - INFO - 4571 - 6220017664 - HTTP Request: GET https://api.cerebras.ai/v1/models "HTTP/1.1 200 OK"
2024-11-24 15:09:58,839 - httpx - INFO - 4571 - 6220017664 - HTTP Request: GET https://api.cerebras.ai/v1/models "HTTP/1.1 200 OK"
2024-11-24 15:09:59,589 - httpx - INFO - 4571 - 6220017664 - HTTP Request: GET https://api.cerebras.ai/v1/models "HTTP/1.1 200 OK"
2024-11-24 15:10:00,332 - httpx - INFO - 4571 - 6220017664 - HTTP Request: GET https://api.cerebras.ai/v1/models "HTTP/1.1 200 OK"
2024-11-24 15:10:00,335 - __main__ - INFO - 4571 - 6220017664 - System prompt loaded successfully
2024-11-24 15:10:00,335 - __main__ - INFO - 4571 - 6220017664 - MedicalAIChatbot initialized successfully
2024-11-24 15:10:04,508 - httpx - INFO - 4571 - 6254243840 - HTTP Request: GET https://api.cerebras.ai/v1/models "HTTP/1.1 200 OK"
2024-11-24 15:10:04,778 - httpx - INFO - 4571 - 6254243840 - HTTP Request: GET https://api.cerebras.ai/v1/models "HTTP/1.1 200 OK"
2024-11-24 15:10:05,045 - httpx - INFO - 4571 - 6254243840 - HTTP Request: GET https://api.cerebras.ai/v1/models "HTTP/1.1 200 OK"
2024-11-24 15:10:05,773 - httpx - INFO - 4571 - 6254243840 - HTTP Request: GET https://api.cerebras.ai/v1/models "HTTP/1.1 200 OK"
2024-11-24 15:10:06,045 - httpx - INFO - 4571 - 6254243840 - HTTP Request: GET https://api.cerebras.ai/v1/models "HTTP/1.1 200 OK"
2024-11-24 15:10:06,048 - __main__ - INFO - 4571 - 6254243840 - System prompt loaded successfully
2024-11-24 15:10:06,048 - __main__ - INFO - 4571 - 6254243840 - MedicalAIChatbot initialized successfully
2024-11-24 15:10:08,422 - httpx - INFO - 4571 - 6220017664 - HTTP Request: GET https://api.cerebras.ai/v1/models "HTTP/1.1 200 OK"
2024-11-24 15:10:08,688 - httpx - INFO - 4571 - 6220017664 - HTTP Request: GET https://api.cerebras.ai/v1/models "HTTP/1.1 200 OK"
2024-11-24 15:10:09,010 - httpx - INFO - 4571 - 6220017664 - HTTP Request: GET https://api.cerebras.ai/v1/models "HTTP/1.1 200 OK"
2024-11-24 15:10:09,272 - httpx - INFO - 4571 - 6220017664 - HTTP Request: GET https://api.cerebras.ai/v1/models "HTTP/1.1 200 OK"
2024-11-24 15:10:09,537 - httpx - INFO - 4571 - 6220017664 - HTTP Request: GET https://api.cerebras.ai/v1/models "HTTP/1.1 200 OK"
2024-11-24 15:10:09,538 - __main__ - INFO - 4571 - 6220017664 - System prompt loaded successfully
2024-11-24 15:10:09,538 - __main__ - INFO - 4571 - 6220017664 - MedicalAIChatbot initialized successfully
2024-11-24 15:10:20,200 - httpx - INFO - 4571 - 6254243840 - HTTP Request: GET https://api.cerebras.ai/v1/models "HTTP/1.1 200 OK"
2024-11-24 15:10:20,470 - httpx - INFO - 4571 - 6254243840 - HTTP Request: GET https://api.cerebras.ai/v1/models "HTTP/1.1 200 OK"
2024-11-24 15:10:21,198 - httpx - INFO - 4571 - 6254243840 - HTTP Request: GET https://api.cerebras.ai/v1/models "HTTP/1.1 200 OK"
2024-11-24 15:10:21,504 - httpx - INFO - 4571 - 6254243840 - HTTP Request: GET https://api.cerebras.ai/v1/models "HTTP/1.1 200 OK"
2024-11-24 15:10:21,807 - httpx - INFO - 4571 - 6254243840 - HTTP Request: GET https://api.cerebras.ai/v1/models "HTTP/1.1 200 OK"
2024-11-24 15:10:21,809 - __main__ - INFO - 4571 - 6254243840 - System prompt loaded successfully
2024-11-24 15:10:21,809 - __main__ - INFO - 4571 - 6254243840 - MedicalAIChatbot initialized successfully
2024-11-24 15:10:22,606 - httpx - INFO - 4571 - 6254243840 - HTTP Request: POST https://api.groq.com/openai/v1/chat/completions "HTTP/1.1 200 OK"
2024-11-24 15:10:29,799 - httpx - INFO - 4571 - 6254243840 - HTTP Request: POST https://api.groq.com/openai/v1/chat/completions "HTTP/1.1 200 OK"
2024-11-24 15:10:32,520 - httpx - INFO - 4571 - 6220017664 - HTTP Request: GET https://api.cerebras.ai/v1/models "HTTP/1.1 200 OK"
2024-11-24 15:10:32,789 - httpx - INFO - 4571 - 6220017664 - HTTP Request: GET https://api.cerebras.ai/v1/models "HTTP/1.1 200 OK"
2024-11-24 15:10:33,075 - httpx - INFO - 4571 - 6220017664 - HTTP Request: GET https://api.cerebras.ai/v1/models "HTTP/1.1 200 OK"
2024-11-24 15:10:33,341 - httpx - INFO - 4571 - 6220017664 - HTTP Request: GET https://api.cerebras.ai/v1/models "HTTP/1.1 200 OK"
2024-11-24 15:10:33,690 - httpx - INFO - 4571 - 6220017664 - HTTP Request: GET https://api.cerebras.ai/v1/models "HTTP/1.1 200 OK"
2024-11-24 15:10:33,691 - __main__ - INFO - 4571 - 6220017664 - System prompt loaded successfully
2024-11-24 15:10:33,691 - __main__ - INFO - 4571 - 6220017664 - MedicalAIChatbot initialized successfully
2024-11-24 15:10:34,510 - httpx - INFO - 4571 - 6220017664 - HTTP Request: POST https://api.groq.com/openai/v1/chat/completions "HTTP/1.1 200 OK"
2024-11-24 15:10:41,837 - httpx - INFO - 4571 - 6220017664 - HTTP Request: POST https://api.groq.com/openai/v1/chat/completions "HTTP/1.1 200 OK"
2024-11-24 15:14:09,617 - __main__ - INFO - 4626 - 6184054784 - System prompt loaded successfully
2024-11-24 15:14:09,618 - __main__ - INFO - 4626 - 6184054784 - MedicalAIChatbot initialized successfully
2024-11-24 15:14:14,311 - __main__ - INFO - 4626 - 6218280960 - System prompt loaded successfully
2024-11-24 15:14:14,311 - __main__ - INFO - 4626 - 6218280960 - MedicalAIChatbot initialized successfully
2024-11-24 15:14:14,954 - httpx - INFO - 4626 - 6218280960 - HTTP Request: POST https://api.groq.com/openai/v1/chat/completions "HTTP/1.1 200 OK"
2024-11-24 15:14:16,824 - httpx - INFO - 4626 - 6218280960 - HTTP Request: POST https://api.groq.com/openai/v1/chat/completions "HTTP/1.1 200 OK"
2024-11-25 21:38:11,562 - __main__ - INFO - 24290 - 8520185920 - System prompt loaded successfully
2024-11-25 21:38:11,563 - __main__ - INFO - 24290 - 8520185920 - MedicalAIChatbot initialized successfully
2024-11-25 21:38:23,320 - __main__ - INFO - 24322 - 6151598080 - System prompt loaded successfully
2024-11-25 21:38:23,320 - __main__ - INFO - 24322 - 6151598080 - MedicalAIChatbot initialized successfully
2024-11-25 21:38:28,903 - __main__ - INFO - 24322 - 6185824256 - System prompt loaded successfully
2024-11-25 21:38:28,903 - __main__ - INFO - 24322 - 6185824256 - MedicalAIChatbot initialized successfully
2024-11-25 21:38:29,561 - httpx - INFO - 24322 - 6185824256 - HTTP Request: POST https://api.groq.com/openai/v1/chat/completions "HTTP/1.1 200 OK"
2024-11-25 21:38:31,204 - httpx - INFO - 24322 - 6185824256 - HTTP Request: POST https://api.groq.com/openai/v1/chat/completions "HTTP/1.1 200 OK"
2024-11-25 21:38:54,438 - __main__ - INFO - 24322 - 6151598080 - System prompt loaded successfully
2024-11-25 21:38:54,439 - __main__ - INFO - 24322 - 6151598080 - MedicalAIChatbot initialized successfully
2024-11-25 21:39:11,106 - __main__ - INFO - 24322 - 6185824256 - System prompt loaded successfully
2024-11-25 21:39:11,106 - __main__ - INFO - 24322 - 6185824256 - MedicalAIChatbot initialized successfully
2024-11-25 21:39:13,502 - httpx - INFO - 24322 - 6185824256 - HTTP Request: POST https://api.groq.com/openai/v1/chat/completions "HTTP/1.1 200 OK"
2024-11-25 21:39:19,379 - httpx - INFO - 24322 - 6185824256 - HTTP Request: POST https://api.groq.com/openai/v1/chat/completions "HTTP/1.1 200 OK"
